<?xml version="1.0" encoding="UTF-8"?>
<testng-results ignored="0" total="2" passed="2" failed="0" skipped="0">
  <reporter-output>
  </reporter-output>
  <suite started-at="2022-10-10T10:28:19 IST" name="Default suite" finished-at="2022-10-10T10:28:26 IST" duration-ms="7528">
    <groups>
    </groups>
    <test started-at="2022-10-10T10:28:19 IST" name="Default test" finished-at="2022-10-10T10:28:26 IST" duration-ms="7528">
      <class name="Test2.test1">
        <test-method is-config="true" signature="setupdriver()[pri:0, instance:Test2.test1@1b1473ab]" started-at="2022-10-10T10:28:19 IST" name="setupdriver" finished-at="2022-10-10T10:28:23 IST" duration-ms="4166" status="PASS">
          <reporter-output>
          </reporter-output>
        </test-method> <!-- setupdriver -->
        <test-method signature="getTitle()[pri:1, instance:Test2.test1@1b1473ab]" started-at="2022-10-10T10:28:23 IST" name="getTitle" finished-at="2022-10-10T10:28:23 IST" duration-ms="40" status="PASS">
          <reporter-output>
          </reporter-output>
        </test-method> <!-- getTitle -->
        <test-method is-config="true" signature="setupdriver()[pri:0, instance:Test2.test1@1b1473ab]" started-at="2022-10-10T10:28:23 IST" name="setupdriver" finished-at="2022-10-10T10:28:26 IST" duration-ms="2623" status="PASS">
          <reporter-output>
          </reporter-output>
        </test-method> <!-- setupdriver -->
        <test-method signature="calculate()[pri:2, instance:Test2.test1@1b1473ab]" started-at="2022-10-10T10:28:26 IST" name="calculate" finished-at="2022-10-10T10:28:26 IST" duration-ms="599" status="PASS">
          <reporter-output>
          </reporter-output>
        </test-method> <!-- calculate -->
      </class> <!-- Test2.test1 -->
    </test> <!-- Default test -->
  </suite> <!-- Default suite -->
</testng-results>
